<?xml version="1.0" encoding="UTF-8"?>
<!-- Generated by org.testng.reporters.JUnitReportReporter -->
<testsuite hostname="Mani" failures="0" tests="2" name="practiceTestNG.TestNG_ReporterLog" time="17.086" errors="0" timestamp="04 Nov 2023 01:53:42 GMT" skipped="0">
  <testcase classname="practiceTestNG.TestNG_ReporterLog" name="testInChrome" time="8.099"/>
  <testcase classname="practiceTestNG.TestNG_ReporterLog" name="testInEdge" time="8.987"/>
</testsuite> <!-- practiceTestNG.TestNG_ReporterLog -->
