<?xml version="1.0" encoding="UTF-8"?>
<!-- Generated by org.testng.reporters.JUnitReportReporter -->
<testsuite hostname="Mani" failures="0" tests="1" name="seleniumGrid.SeleniumGrid_ParallelTests" time="0.122" errors="0" timestamp="14 Nov 2023 03:51:36 GMT" skipped="0">
  <testcase classname="seleniumGrid.SeleniumGrid_ParallelTests" name="logoTest" time="0.122"/>
</testsuite> <!-- seleniumGrid.SeleniumGrid_ParallelTests -->
