<?xml version="1.0" encoding="UTF-8"?>
<!-- Generated by org.testng.reporters.JUnitReportReporter -->
<testsuite hostname="Mani" failures="0" tests="3" name="testNGWithKoushit.LearnDataProvider" time="23.997" errors="0" timestamp="17 Nov 2023 02:33:23 GMT" skipped="0">
  <testcase classname="testNGWithKoushit.LearnDataProvider" name="login" time="9.709"/>
  <testcase classname="testNGWithKoushit.LearnDataProvider" name="login" time="7.740"/>
  <testcase classname="testNGWithKoushit.LearnDataProvider" name="login" time="6.548"/>
</testsuite> <!-- testNGWithKoushit.LearnDataProvider -->
