<?xml version="1.0" encoding="UTF-8"?>
<!-- Generated by org.testng.reporters.JUnitReportReporter -->
<testsuite hostname="Mani" failures="0" tests="4" name="practiceTestNG.CheapOAirMultiTestsParameters" time="5.081" errors="0" timestamp="01 Nov 2023 23:15:13 GMT" skipped="0">
  <testcase classname="practiceTestNG.CheapOAirMultiTestsParameters" name="testMethod1" time="0.633"/>
  <testcase classname="practiceTestNG.CheapOAirMultiTestsParameters" name="logoTest" time="1.323"/>
  <testcase classname="practiceTestNG.CheapOAirMultiTestsParameters" name="homePageTest" time="1.432"/>
  <testcase classname="practiceTestNG.CheapOAirMultiTestsParameters" name="flightsSearchHomePageTest" time="1.693"/>
</testsuite> <!-- practiceTestNG.CheapOAirMultiTestsParameters -->
