<?xml version="1.0" encoding="UTF-8"?>
<!-- Generated by org.testng.reporters.JUnitReportReporter -->
<testsuite hostname="Mani" failures="0" tests="1" name="practiceTestNG.TestNGDataProvidersWithExcel" time="0.009" errors="0" timestamp="03 Nov 2023 04:28:08 GMT" skipped="0">
  <testcase classname="practiceTestNG.TestNGDataProvidersWithExcel" name="method1" time="0.009"/>
</testsuite> <!-- practiceTestNG.TestNGDataProvidersWithExcel -->
