<?xml version="1.0" encoding="UTF-8"?>
<!-- Generated by org.testng.reporters.JUnitReportReporter -->
<testsuite hostname="Mani" failures="0" tests="1" name="testNGWithKoushit.LearnWindowHandling" time="12.440" errors="0" timestamp="08 Nov 2023 23:01:05 GMT" skipped="0">
  <testcase classname="testNGWithKoushit.LearnWindowHandling" name="windowHandles" time="12.440"/>
</testsuite> <!-- testNGWithKoushit.LearnWindowHandling -->
