<?xml version="1.0" encoding="UTF-8"?>
<!-- Generated by org.testng.reporters.JUnitReportReporter -->
<testsuite hostname="Mani" failures="0" tests="2" name="testNGWithKoushit.LearnParameters" time="34.633" errors="0" timestamp="15 Nov 2023 23:05:30 GMT" skipped="0">
  <testcase classname="testNGWithKoushit.LearnParameters" name="logIn" time="17.642"/>
  <testcase classname="testNGWithKoushit.LearnParameters" name="logIn" time="16.991"/>
</testsuite> <!-- testNGWithKoushit.LearnParameters -->
