<?xml version="1.0" encoding="UTF-8"?>
<!-- Generated by org.testng.reporters.JUnitReportReporter -->
<testsuite hostname="Mani" failures="0" tests="1" name="practiceTestNG.TestNG_SoftAsserts" time="0.021" errors="0" timestamp="04 Nov 2023 04:35:33 GMT" skipped="0">
  <testcase classname="practiceTestNG.TestNG_SoftAsserts" name="softAssertMethod" time="0.021"/>
</testsuite> <!-- practiceTestNG.TestNG_SoftAsserts -->
