<?xml version="1.0" encoding="UTF-8"?>
<!-- Generated by org.testng.reporters.JUnitReportReporter -->
<testsuite hostname="Mani" failures="0" tests="3" name="testNGWithKoushit.InvocationCountAndInvocationTimeOut" time="24.195" errors="0" timestamp="09 Nov 2023 01:11:25 GMT" skipped="0">
  <testcase classname="testNGWithKoushit.InvocationCountAndInvocationTimeOut" name="test1" time="7.030"/>
  <testcase classname="testNGWithKoushit.InvocationCountAndInvocationTimeOut" name="test1" time="6.809"/>
  <testcase classname="testNGWithKoushit.InvocationCountAndInvocationTimeOut" name="test1" time="10.356"/>
</testsuite> <!-- testNGWithKoushit.InvocationCountAndInvocationTimeOut -->
