<?xml version="1.0" encoding="UTF-8"?>
<!-- Generated by org.testng.reporters.JUnitReportReporter -->
<testsuite hostname="Mani" failures="0" tests="2" name="testNGWithKoushit.LearnFindElements" time="18.169" errors="0" timestamp="20 Nov 2023 19:31:07 GMT" skipped="0">
  <testcase classname="testNGWithKoushit.LearnFindElements" name="test1" time="11.856"/>
  <testcase classname="testNGWithKoushit.LearnFindElements" name="test2" time="6.313"/>
</testsuite> <!-- testNGWithKoushit.LearnFindElements -->
