<?xml version="1.0" encoding="UTF-8"?>
<!-- Generated by org.testng.reporters.JUnitReportReporter -->
<testsuite hostname="Mani" failures="0" tests="2" name="practiceTestNG.TestNGDataProviders" time="0.011" errors="0" timestamp="01 Nov 2023 23:59:55 GMT" skipped="0">
  <testcase classname="practiceTestNG.TestNGDataProviders" name="method1" time="0.002"/>
  <testcase classname="practiceTestNG.TestNGDataProviders" name="method1" time="0.009"/>
</testsuite> <!-- practiceTestNG.TestNGDataProviders -->
