<?xml version="1.0" encoding="UTF-8"?>
<!-- Generated by org.testng.reporters.JUnitReportReporter -->
<testsuite hostname="Mani" failures="0" tests="5" name="testNGWithKoushit.LearnAttributes2" time="0.018" errors="0" timestamp="09 Nov 2023 00:56:33 GMT" skipped="0">
  <testcase classname="testNGWithKoushit.LearnAttributes2" name="logIn" time="0.002"/>
  <testcase classname="testNGWithKoushit.LearnAttributes2" name="signUp" time="0.013"/>
  <testcase classname="testNGWithKoushit.LearnAttributes2" name="searchProduct" time="0.001"/>
  <testcase classname="testNGWithKoushit.LearnAttributes2" name="addToCart" time="0.001"/>
  <testcase classname="testNGWithKoushit.LearnAttributes2" name="logOut" time="0.001"/>
</testsuite> <!-- testNGWithKoushit.LearnAttributes2 -->
