<?xml version="1.0" encoding="UTF-8"?>
<!-- Generated by org.testng.reporters.JUnitReportReporter -->
<testsuite hostname="Mani" failures="0" tests="5" name="testNGWithKoushit.LearnAttributes" time="0.014" errors="0" timestamp="09 Nov 2023 00:08:34 GMT" skipped="0">
  <testcase classname="testNGWithKoushit.LearnAttributes" name="logOut" time="0.009"/>
  <testcase classname="testNGWithKoushit.LearnAttributes" name="signUp" time="0.002"/>
  <testcase classname="testNGWithKoushit.LearnAttributes" name="logIn" time="0.000"/>
  <testcase classname="testNGWithKoushit.LearnAttributes" name="searchProduct" time="0.001"/>
  <testcase classname="testNGWithKoushit.LearnAttributes" name="addToCart" time="0.002"/>
</testsuite> <!-- testNGWithKoushit.LearnAttributes -->
