<?xml version="1.0" encoding="UTF-8"?>
<!-- Generated by org.testng.reporters.JUnitReportReporter -->
<testsuite hostname="Mani" failures="0" tests="4" name="practiceTestNG.CheapOAirSearchTests" time="0.012" errors="0" timestamp="30 Oct 2023 21:19:18 GMT" skipped="0">
  <testcase classname="practiceTestNG.CheapOAirSearchTests" name="carSearchTest" time="0.007"/>
  <testcase classname="practiceTestNG.CheapOAirSearchTests" name="flightReservationTest" time="0.002"/>
  <testcase classname="practiceTestNG.CheapOAirSearchTests" name="flightSearchTest" time="0.003"/>
  <testcase classname="practiceTestNG.CheapOAirSearchTests" name="hotelSearchTest" time="0.000"/>
</testsuite> <!-- practiceTestNG.CheapOAirSearchTests -->
