<?xml version="1.0" encoding="UTF-8"?>
<!-- Generated by org.testng.reporters.JUnitReportReporter -->
<testsuite hostname="Mani" failures="0" tests="2" name="practiceTestNG.TestNG_Parallel1" time="15.865" errors="0" timestamp="03 Nov 2023 22:20:36 GMT" skipped="0">
  <testcase classname="practiceTestNG.TestNG_Parallel1" name="testInEdge" time="9.199"/>
  <testcase classname="practiceTestNG.TestNG_Parallel1" name="testInChrome" time="6.666"/>
</testsuite> <!-- practiceTestNG.TestNG_Parallel1 -->
