<?xml version="1.0" encoding="UTF-8"?>
<!-- Generated by org.testng.reporters.JUnitReportReporter -->
<testsuite hostname="Mani" failures="0" tests="2" name="practiceTestNG.TestNG_Parallel2" time="14.502" errors="0" timestamp="03 Nov 2023 22:20:36 GMT" skipped="0">
  <testcase classname="practiceTestNG.TestNG_Parallel2" name="testInChrome" time="6.820"/>
  <testcase classname="practiceTestNG.TestNG_Parallel2" name="testInEdge" time="7.682"/>
</testsuite> <!-- practiceTestNG.TestNG_Parallel2 -->
